# JRE version: OpenJDK Runtime Environment (8.0_242) (build 1.8.0_242-release-1644-b3-6222593)
# Java VM: OpenJDK 64-Bit Server VM (25.242-b3-6222593 mixed mode linux-amd64 compressed oops)
Heap:
 PSYoungGen      total 292864K, used 20596K [0x00000000e0000000, 0x00000000f7a00000, 0x0000000100000000)
  eden space 204800K, 0% used [0x00000000e0000000,0x00000000e0000000,0x00000000ec800000)
  from space 88064K, 23% used [0x00000000f2400000,0x00000000f381d380,0x00000000f7a00000)
  to   space 91136K, 0% used [0x00000000ec800000,0x00000000ec800000,0x00000000f2100000)
 ParOldGen       total 211456K, used 196551K [0x00000000a0000000, 0x00000000ace80000, 0x00000000e0000000)
  object space 211456K, 92% used [0x00000000a0000000,0x00000000abff1f60,0x00000000ace80000)
 Metaspace       used 121827K, capacity 127294K, committed 127384K, reserved 1159168K
  class space    used 15730K, capacity 16741K, committed 16816K, reserved 1048576K
GC Heap History (10 events):
Event: 2094.678 GC heap after
Heap after GC invocations=26 (full 4):
 PSYoungGen      total 202240K, used 35189K [0x00000000e0000000, 0x00000000f0800000, 0x0000000100000000)
  eden space 165376K, 0% used [0x00000000e0000000,0x00000000e0000000,0x00000000ea180000)
  from space 36864K, 95% used [0x00000000eca00000,0x00000000eec5d648,0x00000000eee00000)
  to   space 41472K, 0% used [0x00000000ea180000,0x00000000ea180000,0x00000000eca00000)
 ParOldGen       total 211456K, used 63797K [0x00000000a0000000, 0x00000000ace80000, 0x00000000e0000000)
  object space 211456K, 30% used [0x00000000a0000000,0x00000000a3e4d7b0,0x00000000ace80000)
 Metaspace       used 103763K, capacity 108342K, committed 108952K, reserved 1144832K
  class space    used 13395K, capacity 14325K, committed 14512K, reserved 1048576K
}
Event: 2101.930 GC heap before
{Heap before GC invocations=27 (full 4):
 PSYoungGen      total 202240K, used 200565K [0x00000000e0000000, 0x00000000f0800000, 0x0000000100000000)
  eden space 165376K, 100% used [0x00000000e0000000,0x00000000ea180000,0x00000000ea180000)
  from space 36864K, 95% used [0x00000000eca00000,0x00000000eec5d648,0x00000000eee00000)
  to   space 41472K, 0% used [0x00000000ea180000,0x00000000ea180000,0x00000000eca00000)
 ParOldGen       total 211456K, used 63797K [0x00000000a0000000, 0x00000000ace80000, 0x00000000e0000000)
  object space 211456K, 30% used [0x00000000a0000000,0x00000000a3e4d7b0,0x00000000ace80000)
 Metaspace       used 110681K, capacity 115422K, committed 115736K, reserved 1148928K
  class space    used 14394K, capacity 15331K, committed 15408K, reserved 1048576K
Event: 2102.013 GC heap after
Heap after GC invocations=27 (full 4):
 PSYoungGen      total 206848K, used 41458K [0x00000000e0000000, 0x00000000f3100000, 0x0000000100000000)
  eden space 165376K, 0% used [0x00000000e0000000,0x00000000e0000000,0x00000000ea180000)
  from space 41472K, 99% used [0x00000000ea180000,0x00000000ec9fc908,0x00000000eca00000)
  to   space 60928K, 0% used [0x00000000ef580000,0x00000000ef580000,0x00000000f3100000)
 ParOldGen       total 211456K, used 100768K [0x00000000a0000000, 0x00000000ace80000, 0x00000000e0000000)
  object space 211456K, 47% used [0x00000000a0000000,0x00000000a6268038,0x00000000ace80000)
 Metaspace       used 110681K, capacity 115422K, committed 115736K, reserved 1148928K
  class space    used 14394K, capacity 15331K, committed 15408K, reserved 1048576K
}
Event: 2106.164 GC heap before
{Heap before GC invocations=28 (full 4):
 PSYoungGen      total 206848K, used 206517K [0x00000000e0000000, 0x00000000f3100000, 0x0000000100000000)
  eden space 165376K, 99% used [0x00000000e0000000,0x00000000ea130bd0,0x00000000ea180000)
  from space 41472K, 99% used [0x00000000ea180000,0x00000000ec9fc908,0x00000000eca00000)
  to   space 60928K, 0% used [0x00000000ef580000,0x00000000ef580000,0x00000000f3100000)
 ParOldGen       total 211456K, used 100768K [0x00000000a0000000, 0x00000000ace80000, 0x00000000e0000000)
  object space 211456K, 47% used [0x00000000a0000000,0x00000000a6268038,0x00000000ace80000)
 Metaspace       used 113917K, capacity 118904K, committed 119064K, reserved 1153024K
  class space    used 14827K, capacity 15816K, committed 15920K, reserved 1048576K
Event: 2106.374 GC heap after
Heap after GC invocations=28 (full 4):
 PSYoungGen      total 228352K, used 60921K [0x00000000e0000000, 0x00000000f7000000, 0x0000000100000000)
  eden space 167424K, 0% used [0x00000000e0000000,0x00000000e0000000,0x00000000ea380000)
  from space 60928K, 99% used [0x00000000ef580000,0x00000000f30fe460,0x00000000f3100000)
  to   space 83968K, 0% used [0x00000000ea380000,0x00000000ea380000,0x00000000ef580000)
 ParOldGen       total 211456K, used 136141K [0x00000000a0000000, 0x00000000ace80000, 0x00000000e0000000)
  object space 211456K, 64% used [0x00000000a0000000,0x00000000a84f3400,0x00000000ace80000)
 Metaspace       used 113917K, capacity 118904K, committed 119064K, reserved 1153024K
  class space    used 14827K, capacity 15816K, committed 15920K, reserved 1048576K
}
Event: 2109.319 GC heap before
{Heap before GC invocations=29 (full 4):
 PSYoungGen      total 228352K, used 228345K [0x00000000e0000000, 0x00000000f7000000, 0x0000000100000000)
  eden space 167424K, 100% used [0x00000000e0000000,0x00000000ea380000,0x00000000ea380000)
  from space 60928K, 99% used [0x00000000ef580000,0x00000000f30fe460,0x00000000f3100000)
  to   space 83968K, 0% used [0x00000000ea380000,0x00000000ea380000,0x00000000ef580000)
 ParOldGen       total 211456K, used 136141K [0x00000000a0000000, 0x00000000ace80000, 0x00000000e0000000)
  object space 211456K, 64% used [0x00000000a0000000,0x00000000a84f3400,0x00000000ace80000)
 Metaspace       used 115808K, capacity 121148K, committed 121368K, reserved 1155072K
  class space    used 15107K, capacity 16132K, committed 16176K, reserved 1048576K
Event: 2109.464 GC heap after
Heap after GC invocations=29 (full 4):
 PSYoungGen      total 251392K, used 73665K [0x00000000e0000000, 0x00000000f8000000, 0x0000000100000000)
  eden space 167424K, 0% used [0x00000000e0000000,0x00000000e0000000,0x00000000ea380000)
  from space 83968K, 87% used [0x00000000ea380000,0x00000000eeb70420,0x00000000ef580000)
  to   space 94208K, 0% used [0x00000000f2400000,0x00000000f2400000,0x00000000f8000000)
 ParOldGen       total 211456K, used 154432K [0x00000000a0000000, 0x00000000ace80000, 0x00000000e0000000)
  object space 211456K, 73% used [0x00000000a0000000,0x00000000a96d0260,0x00000000ace80000)
 Metaspace       used 115808K, capacity 121148K, committed 121368K, reserved 1155072K
  class space    used 15107K, capacity 16132K, committed 16176K, reserved 1048576K
}
Event: 2115.521 GC heap before
{Heap before GC invocations=30 (full 4):
 PSYoungGen      total 251392K, used 241089K [0x00000000e0000000, 0x00000000f8000000, 0x0000000100000000)
  eden space 167424K, 100% used [0x00000000e0000000,0x00000000ea380000,0x00000000ea380000)
  from space 83968K, 87% used [0x00000000ea380000,0x00000000eeb70420,0x00000000ef580000)
  to   space 94208K, 0% used [0x00000000f2400000,0x00000000f2400000,0x00000000f8000000)
 ParOldGen       total 211456K, used 154432K [0x00000000a0000000, 0x00000000ace80000, 0x00000000e0000000)
  object space 211456K, 73% used [0x00000000a0000000,0x00000000a96d0260,0x00000000ace80000)
 Metaspace       used 121827K, capacity 127294K, committed 127384K, reserved 1159168K
  class space    used 15730K, capacity 16741K, committed 16816K, reserved 1048576K
Event: 2115.658 GC heap after
Heap after GC invocations=30 (full 4):
 PSYoungGen      total 292864K, used 20596K [0x00000000e0000000, 0x00000000f7a00000, 0x0000000100000000)
  eden space 204800K, 0% used [0x00000000e0000000,0x00000000e0000000,0x00000000ec800000)
  from space 88064K, 23% used [0x00000000f2400000,0x00000000f381d380,0x00000000f7a00000)
  to   space 91136K, 0% used [0x00000000ec800000,0x00000000ec800000,0x00000000f2100000)
 ParOldGen       total 211456K, used 196551K [0x00000000a0000000, 0x00000000ace80000, 0x00000000e0000000)
  object space 211456K, 92% used [0x00000000a0000000,0x00000000abff1f60,0x00000000ace80000)
 Metaspace       used 121827K, capacity 127294K, committed 127384K, reserved 1159168K
  class space    used 15730K, capacity 16741K, committed 16816K, reserved 1048576K
}
Event: 2115.659 GC heap before
{Heap before GC invocations=31 (full 5):
 PSYoungGen      total 292864K, used 20596K [0x00000000e0000000, 0x00000000f7a00000, 0x0000000100000000)
  eden space 204800K, 0% used [0x00000000e0000000,0x00000000e0000000,0x00000000ec800000)
  from space 88064K, 23% used [0x00000000f2400000,0x00000000f381d380,0x00000000f7a00000)
  to   space 91136K, 0% used [0x00000000ec800000,0x00000000ec800000,0x00000000f2100000)
 ParOldGen       total 211456K, used 196551K [0x00000000a0000000, 0x00000000ace80000, 0x00000000e0000000)
  object space 211456K, 92% used [0x00000000a0000000,0x00000000abff1f60,0x00000000ace80000)
 Metaspace       used 121827K, capacity 127294K, committed 127384K, reserved 1159168K
  class space    used 15730K, capacity 16741K, committed 16816K, reserved 1048576K

